-- Found Python3: /usr/bin/python3.9 (found version "3.9.5") found components: Interpreter 
-- Python 3 iterpretator: /usr/bin/python3.9
-- Package version: 2024.3.3
-- processing v1.0: /home/lowlevel/mavros2_ws/src/mavlink/message_definitions/v1.0/ASLUAV.xml
-- processing v1.0: /home/lowlevel/mavros2_ws/src/mavlink/message_definitions/v1.0/AVSSUAS.xml
-- processing v1.0: /home/lowlevel/mavros2_ws/src/mavlink/message_definitions/v1.0/all.xml
-- processing v1.0: /home/lowlevel/mavros2_ws/src/mavlink/message_definitions/v1.0/ardupilotmega.xml
-- processing v1.0: /home/lowlevel/mavros2_ws/src/mavlink/message_definitions/v1.0/common.xml
-- processing v1.0: /home/lowlevel/mavros2_ws/src/mavlink/message_definitions/v1.0/csAirLink.xml
-- processing v1.0: /home/lowlevel/mavros2_ws/src/mavlink/message_definitions/v1.0/cubepilot.xml
-- processing v1.0: /home/lowlevel/mavros2_ws/src/mavlink/message_definitions/v1.0/development.xml
-- processing v1.0: /home/lowlevel/mavros2_ws/src/mavlink/message_definitions/v1.0/icarous.xml
-- processing v1.0: /home/lowlevel/mavros2_ws/src/mavlink/message_definitions/v1.0/matrixpilot.xml
-- processing v1.0: /home/lowlevel/mavros2_ws/src/mavlink/message_definitions/v1.0/paparazzi.xml
-- processing v1.0: /home/lowlevel/mavros2_ws/src/mavlink/message_definitions/v1.0/standard.xml
-- processing v1.0: /home/lowlevel/mavros2_ws/src/mavlink/message_definitions/v1.0/storm32.xml
-- processing v1.0: /home/lowlevel/mavros2_ws/src/mavlink/message_definitions/v1.0/uAvionix.xml
-- processing v1.0: /home/lowlevel/mavros2_ws/src/mavlink/message_definitions/v1.0/ualberta.xml
-- processing v2.0: /home/lowlevel/mavros2_ws/src/mavlink/message_definitions/v1.0/ASLUAV.xml
-- processing v2.0: /home/lowlevel/mavros2_ws/src/mavlink/message_definitions/v1.0/AVSSUAS.xml
-- processing v2.0: /home/lowlevel/mavros2_ws/src/mavlink/message_definitions/v1.0/all.xml
-- processing v2.0: /home/lowlevel/mavros2_ws/src/mavlink/message_definitions/v1.0/ardupilotmega.xml
-- processing v2.0: /home/lowlevel/mavros2_ws/src/mavlink/message_definitions/v1.0/common.xml
-- processing v2.0: /home/lowlevel/mavros2_ws/src/mavlink/message_definitions/v1.0/csAirLink.xml
-- processing v2.0: /home/lowlevel/mavros2_ws/src/mavlink/message_definitions/v1.0/cubepilot.xml
-- processing v2.0: /home/lowlevel/mavros2_ws/src/mavlink/message_definitions/v1.0/development.xml
-- processing v2.0: /home/lowlevel/mavros2_ws/src/mavlink/message_definitions/v1.0/icarous.xml
-- processing v2.0: /home/lowlevel/mavros2_ws/src/mavlink/message_definitions/v1.0/matrixpilot.xml
-- processing v2.0: /home/lowlevel/mavros2_ws/src/mavlink/message_definitions/v1.0/paparazzi.xml
-- processing v2.0: /home/lowlevel/mavros2_ws/src/mavlink/message_definitions/v1.0/standard.xml
-- processing v2.0: /home/lowlevel/mavros2_ws/src/mavlink/message_definitions/v1.0/storm32.xml
-- processing v2.0: /home/lowlevel/mavros2_ws/src/mavlink/message_definitions/v1.0/uAvionix.xml
-- processing v2.0: /home/lowlevel/mavros2_ws/src/mavlink/message_definitions/v1.0/ualberta.xml
-- Configuring done
-- Generating done
-- Build files have been written to: /home/lowlevel/mavros2_ws/build/mavlink
[35m[1mScanning dependencies of target csAirLink.xml-v1.0[0m
[35m[1mScanning dependencies of target ualberta.xml-v2.0[0m
[35m[1mScanning dependencies of target icarous.xml-v1.0[0m
[35m[1mScanning dependencies of target cubepilot.xml-v2.0[0m
[  6%] [34m[1mGenerating include/v1.0/icarous/icarous.h[0m
[  6%] [34m[1mGenerating include/v1.0/csAirLink/csAirLink.h[0m
[ 10%] [34m[1mGenerating cubepilot-v2.0-cxx-stamp[0m
[ 13%] [34m[1mGenerating ualberta-v2.0-cxx-stamp[0m
WARNING: Failed to import lxml module etree. Are lxml, libxml2 and libxslt installed? XML validation will not be performed
Validation skipped for /home/lowlevel/mavros2_ws/src/mavlink/message_definitions/v1.0/icarous.xml.
Parsing /home/lowlevel/mavros2_ws/src/mavlink/message_definitions/v1.0/icarous.xml
Found 0 MAVLink message types in 1 XML files
Generating C implementation in directory include/v1.0/icarous
Copying fixed headers for protocol 1.0 to include/v1.0
WARNING: Failed to import lxml module etree. Are lxml, libxml2 and libxslt installed? XML validation will not be performed
Validation skipped for /home/lowlevel/mavros2_ws/src/mavlink/message_definitions/v1.0/csAirLink.xml.
Parsing /home/lowlevel/mavros2_ws/src/mavlink/message_definitions/v1.0/csAirLink.xml
Found 0 MAVLink message types in 1 XML files
Validation skipped for /home/lowlevel/mavros2_ws/src/mavlink/message_definitions/v1.0/ualberta.xml.
Parsing /home/lowlevel/mavros2_ws/src/mavlink/message_definitions/v1.0/ualberta.xml
WARNING: Failed to import lxml module etree. Are lxml, libxml2 and libxslt installed? XML validation will not be performed
Generating C implementation in directory include/v1.0/csAirLink
Validation skipped for /home/lowlevel/mavros2_ws/src/mavlink/message_definitions/v1.0/common.xml.
Parsing /home/lowlevel/mavros2_ws/src/mavlink/message_definitions/v1.0/common.xml
Copying fixed headers for protocol 1.0 to include/v1.0
WARNING: Failed to import lxml module etree. Are lxml, libxml2 and libxslt installed? XML validation will not be performed
Validation skipped for /home/lowlevel/mavros2_ws/src/mavlink/message_definitions/v1.0/cubepilot.xml.
Parsing /home/lowlevel/mavros2_ws/src/mavlink/message_definitions/v1.0/cubepilot.xml
[ 13%] Built target icarous.xml-v1.0
Validation skipped for /home/lowlevel/mavros2_ws/src/mavlink/message_definitions/v1.0/common.xml.
Parsing /home/lowlevel/mavros2_ws/src/mavlink/message_definitions/v1.0/common.xml
[ 13%] Built target csAirLink.xml-v1.0
[35m[1mScanning dependencies of target storm32.xml-v1.0[0m
[35m[1mScanning dependencies of target uAvionix.xml-v1.0[0m
[ 16%] [34m[1mGenerating include/v1.0/uAvionix/uAvionix.h[0m
[ 20%] [34m[1mGenerating include/v1.0/storm32/storm32.h[0m
Validation skipped for /home/lowlevel/mavros2_ws/src/mavlink/message_definitions/v1.0/standard.xml.
Parsing /home/lowlevel/mavros2_ws/src/mavlink/message_definitions/v1.0/standard.xml
Validation skipped for /home/lowlevel/mavros2_ws/src/mavlink/message_definitions/v1.0/minimal.xml.
Parsing /home/lowlevel/mavros2_ws/src/mavlink/message_definitions/v1.0/minimal.xml
Found 224 MAVLink message types in 4 XML files
Generating C headers
Validation skipped for /home/lowlevel/mavros2_ws/src/mavlink/message_definitions/v1.0/standard.xml.
Parsing /home/lowlevel/mavros2_ws/src/mavlink/message_definitions/v1.0/standard.xml
Validation skipped for /home/lowlevel/mavros2_ws/src/mavlink/message_definitions/v1.0/minimal.xml.
Parsing /home/lowlevel/mavros2_ws/src/mavlink/message_definitions/v1.0/minimal.xml
Generating C implementation in directory include/v2.0/ualberta
WARNING: Failed to import lxml module etree. Are lxml, libxml2 and libxslt installed? XML validation will not be performed
Validation skipped for /home/lowlevel/mavros2_ws/src/mavlink/message_definitions/v1.0/uAvionix.xml.
Parsing /home/lowlevel/mavros2_ws/src/mavlink/message_definitions/v1.0/uAvionix.xml
Validation skipped for /home/lowlevel/mavros2_ws/src/mavlink/message_definitions/v1.0/common.xml.
Parsing /home/lowlevel/mavros2_ws/src/mavlink/message_definitions/v1.0/common.xml
Generating C implementation in directory include/v2.0/common
Found 226 MAVLink message types in 4 XML files
Generating C headers
Generating C implementation in directory include/v2.0/cubepilot
Validation skipped for /home/lowlevel/mavros2_ws/src/mavlink/message_definitions/v1.0/storm32.xml.
Parsing /home/lowlevel/mavros2_ws/src/mavlink/message_definitions/v1.0/storm32.xml
WARNING: Failed to import lxml module etree. Are lxml, libxml2 and libxslt installed? XML validation will not be performed
Validation skipped for /home/lowlevel/mavros2_ws/src/mavlink/message_definitions/v1.0/ardupilotmega.xml.
Parsing /home/lowlevel/mavros2_ws/src/mavlink/message_definitions/v1.0/ardupilotmega.xml
Generating C implementation in directory include/v2.0/common
Validation skipped for /home/lowlevel/mavros2_ws/src/mavlink/message_definitions/v1.0/common.xml.
Parsing /home/lowlevel/mavros2_ws/src/mavlink/message_definitions/v1.0/common.xml
Validation skipped for /home/lowlevel/mavros2_ws/src/mavlink/message_definitions/v1.0/standard.xml.
Parsing /home/lowlevel/mavros2_ws/src/mavlink/message_definitions/v1.0/standard.xml
Validation skipped for /home/lowlevel/mavros2_ws/src/mavlink/message_definitions/v1.0/minimal.xml.
Parsing /home/lowlevel/mavros2_ws/src/mavlink/message_definitions/v1.0/minimal.xml
Validation skipped for /home/lowlevel/mavros2_ws/src/mavlink/message_definitions/v1.0/uAvionix.xml.
Parsing /home/lowlevel/mavros2_ws/src/mavlink/message_definitions/v1.0/uAvionix.xml
Validation skipped for /home/lowlevel/mavros2_ws/src/mavlink/message_definitions/v1.0/icarous.xml.
Parsing /home/lowlevel/mavros2_ws/src/mavlink/message_definitions/v1.0/icarous.xml
Validation skipped for /home/lowlevel/mavros2_ws/src/mavlink/message_definitions/v1.0/cubepilot.xml.
Parsing /home/lowlevel/mavros2_ws/src/mavlink/message_definitions/v1.0/cubepilot.xml
Validation skipped for /home/lowlevel/mavros2_ws/src/mavlink/message_definitions/v1.0/csAirLink.xml.
Parsing /home/lowlevel/mavros2_ws/src/mavlink/message_definitions/v1.0/csAirLink.xml
Validation skipped for /home/lowlevel/mavros2_ws/src/mavlink/message_definitions/v1.0/standard.xml.
Parsing /home/lowlevel/mavros2_ws/src/mavlink/message_definitions/v1.0/standard.xml
Validation skipped for /home/lowlevel/mavros2_ws/src/mavlink/message_definitions/v1.0/minimal.xml.
Parsing /home/lowlevel/mavros2_ws/src/mavlink/message_definitions/v1.0/minimal.xml
Merged enum MAV_CMD
Merged enum MAV_CMD
Found 190 MAVLink message types in 9 XML files
Found 142 MAVLink message types in 4 XML files
Generating C implementation in directory include/v1.0/uAvionix
Generating C implementation in directory include/v1.0/storm32
Generating C implementation in directory include/v1.0/common
Generating C implementation in directory include/v1.0/ardupilotmega
Generating C implementation in directory include/v1.0/common
Generating C implementation in directory include/v1.0/standard
Generating C implementation in directory include/v1.0/minimal
Copying fixed headers for protocol 1.0 to include/v1.0
Generating C implementation in directory include/v2.0/standard
Generating C implementation in directory include/v1.0/uAvionix
Generating C implementation in directory include/v2.0/minimal
Generating C implementation in directory include/v1.0/icarous
Generating C implementation in directory include/v1.0/cubepilot
[ 20%] Built target uAvionix.xml-v1.0
Generating C implementation in directory include/v1.0/csAirLink
Generating C implementation in directory include/v1.0/standard
Copying fixed headers for protocol 2.0 to include/v2.0
Generating C implementation in directory include/v1.0/minimal
Generating C++ implementation in directory include/v2.0/ualberta
Generating C++ implementation in directory include/v2.0/common
Copying fixed headers for protocol 1.0 to include/v1.0
[35m[1mScanning dependencies of target ualberta.xml-v1.0[0m
[ 20%] Built target storm32.xml-v1.0
Generating C implementation in directory include/v2.0/standard
Generating C implementation in directory include/v2.0/minimal
Copying fixed headers for protocol 2.0 to include/v2.0
Generating C++ implementation in directory include/v2.0/cubepilot
Generating C++ implementation in directory include/v2.0/common
[ 23%] [34m[1mGenerating include/v1.0/ualberta/ualberta.h[0m
[35m[1mScanning dependencies of target paparazzi.xml-v2.0[0m
[ 26%] [34m[1mGenerating paparazzi-v2.0-cxx-stamp[0m
Validation skipped for /home/lowlevel/mavros2_ws/src/mavlink/message_definitions/v1.0/ualberta.xml.
WARNING: Failed to import lxml module etree. Are lxml, libxml2 and libxslt installed? XML validation will not be performed
Parsing /home/lowlevel/mavros2_ws/src/mavlink/message_definitions/v1.0/ualberta.xml
Validation skipped for /home/lowlevel/mavros2_ws/src/mavlink/message_definitions/v1.0/common.xml.
Parsing /home/lowlevel/mavros2_ws/src/mavlink/message_definitions/v1.0/common.xml
Generating C++ implementation in directory include/v2.0/standard
Generating C++ implementation in directory include/v2.0/minimal
Copying fixed C++ headers for protocol 2.0 to include/v2.0
Validation skipped for /home/lowlevel/mavros2_ws/src/mavlink/message_definitions/v1.0/paparazzi.xml.
Parsing /home/lowlevel/mavros2_ws/src/mavlink/message_definitions/v1.0/paparazzi.xml
WARNING: Failed to import lxml module etree. Are lxml, libxml2 and libxslt installed? XML validation will not be performed
Validation skipped for /home/lowlevel/mavros2_ws/src/mavlink/message_definitions/v1.0/common.xml.
Parsing /home/lowlevel/mavros2_ws/src/mavlink/message_definitions/v1.0/common.xml
Generating C++ implementation in directory include/v2.0/standard
Generating C++ implementation in directory include/v2.0/minimal
Copying fixed C++ headers for protocol 2.0 to include/v2.0
[ 26%] Built target ualberta.xml-v2.0
[35m[1mScanning dependencies of target paparazzi.xml-v1.0[0m
[ 26%] Built target cubepilot.xml-v2.0
[ 30%] [34m[1mGenerating include/v1.0/paparazzi/paparazzi.h[0m
Validation skipped for /home/lowlevel/mavros2_ws/src/mavlink/message_definitions/v1.0/standard.xml.
Parsing /home/lowlevel/mavros2_ws/src/mavlink/message_definitions/v1.0/standard.xml
Validation skipped for /home/lowlevel/mavros2_ws/src/mavlink/message_definitions/v1.0/minimal.xml.
Parsing /home/lowlevel/mavros2_ws/src/mavlink/message_definitions/v1.0/minimal.xml
Found 145 MAVLink message types in 4 XML files
Generating C implementation in directory include/v1.0/ualberta
Generating C implementation in directory include/v1.0/common
[35m[1mScanning dependencies of target standard.xml-v1.0[0m
Validation skipped for /home/lowlevel/mavros2_ws/src/mavlink/message_definitions/v1.0/standard.xml.
Parsing /home/lowlevel/mavros2_ws/src/mavlink/message_definitions/v1.0/standard.xml
Validation skipped for /home/lowlevel/mavros2_ws/src/mavlink/message_definitions/v1.0/minimal.xml.
Parsing /home/lowlevel/mavros2_ws/src/mavlink/message_definitions/v1.0/minimal.xml
[ 33%] Built target standard.xml-v1.0
WARNING: Failed to import lxml module etree. Are lxml, libxml2 and libxslt installed? XML validation will not be performed
Validation skipped for /home/lowlevel/mavros2_ws/src/mavlink/message_definitions/v1.0/paparazzi.xml.
Parsing /home/lowlevel/mavros2_ws/src/mavlink/message_definitions/v1.0/paparazzi.xml
Found 226 MAVLink message types in 4 XML files
Validation skipped for /home/lowlevel/mavros2_ws/src/mavlink/message_definitions/v1.0/common.xml.
Parsing /home/lowlevel/mavros2_ws/src/mavlink/message_definitions/v1.0/common.xml
Generating C headers
Generating C implementation in directory include/v2.0/paparazzi
[35m[1mScanning dependencies of target cubepilot.xml-v1.0[0m
Generating C implementation in directory include/v2.0/common
[ 36%] Built target cubepilot.xml-v1.0
[35m[1mScanning dependencies of target uAvionix.xml-v2.0[0m
[ 40%] [34m[1mGenerating uAvionix-v2.0-cxx-stamp[0m
Validation skipped for /home/lowlevel/mavros2_ws/src/mavlink/message_definitions/v1.0/standard.xml.
Parsing /home/lowlevel/mavros2_ws/src/mavlink/message_definitions/v1.0/standard.xml
Validation skipped for /home/lowlevel/mavros2_ws/src/mavlink/message_definitions/v1.0/minimal.xml.
Parsing /home/lowlevel/mavros2_ws/src/mavlink/message_definitions/v1.0/minimal.xml
Found 147 MAVLink message types in 4 XML files
Generating C implementation in directory include/v1.0/paparazzi
Generating C implementation in directory include/v1.0/common
WARNING: Failed to import lxml module etree. Are lxml, libxml2 and libxslt installed? XML validation will not be performed
Validation skipped for /home/lowlevel/mavros2_ws/src/mavlink/message_definitions/v1.0/uAvionix.xml.
Parsing /home/lowlevel/mavros2_ws/src/mavlink/message_definitions/v1.0/uAvionix.xml
Validation skipped for /home/lowlevel/mavros2_ws/src/mavlink/message_definitions/v1.0/common.xml.
Parsing /home/lowlevel/mavros2_ws/src/mavlink/message_definitions/v1.0/common.xml
Validation skipped for /home/lowlevel/mavros2_ws/src/mavlink/message_definitions/v1.0/standard.xml.
Parsing /home/lowlevel/mavros2_ws/src/mavlink/message_definitions/v1.0/standard.xml
Validation skipped for /home/lowlevel/mavros2_ws/src/mavlink/message_definitions/v1.0/minimal.xml.
Parsing /home/lowlevel/mavros2_ws/src/mavlink/message_definitions/v1.0/minimal.xml
Found 224 MAVLink message types in 4 XML files
Generating C headers
Generating C implementation in directory include/v2.0/uAvionix
Generating C implementation in directory include/v2.0/common
Generating C implementation in directory include/v1.0/standard
Generating C implementation in directory include/v1.0/minimal
Copying fixed headers for protocol 1.0 to include/v1.0
[ 40%] Built target ualberta.xml-v1.0
[35m[1mScanning dependencies of target all.xml-v1.0[0m
[ 43%] [34m[1mGenerating include/v1.0/all/all.h[0m
Generating C implementation in directory include/v1.0/standard
Generating C implementation in directory include/v1.0/minimal
Copying fixed headers for protocol 1.0 to include/v1.0
[ 43%] Built target paparazzi.xml-v1.0
[35m[1mScanning dependencies of target ardupilotmega.xml-v1.0[0m
WARNING: Failed to import lxml module etree. Are lxml, libxml2 and libxslt installed? XML validation will not be performed
Validation skipped for /home/lowlevel/mavros2_ws/src/mavlink/message_definitions/v1.0/all.xml.
Parsing /home/lowlevel/mavros2_ws/src/mavlink/message_definitions/v1.0/all.xml
Validation skipped for /home/lowlevel/mavros2_ws/src/mavlink/message_definitions/v1.0/ardupilotmega.xml.
Parsing /home/lowlevel/mavros2_ws/src/mavlink/message_definitions/v1.0/ardupilotmega.xml
Validation skipped for /home/lowlevel/mavros2_ws/src/mavlink/message_definitions/v1.0/ASLUAV.xml.
Parsing /home/lowlevel/mavros2_ws/src/mavlink/message_definitions/v1.0/ASLUAV.xml
Validation skipped for /home/lowlevel/mavros2_ws/src/mavlink/message_definitions/v1.0/common.xml.
Parsing /home/lowlevel/mavros2_ws/src/mavlink/message_definitions/v1.0/common.xml
[ 46%] Built target ardupilotmega.xml-v1.0
[35m[1mScanning dependencies of target all.xml-v2.0[0m
Generating C implementation in directory include/v2.0/standard
Generating C implementation in directory include/v2.0/minimal
Copying fixed headers for protocol 2.0 to include/v2.0
Generating C++ implementation in directory include/v2.0/paparazzi
Generating C++ implementation in directory include/v2.0/common
[ 50%] [34m[1mGenerating all-v2.0-cxx-stamp[0m
WARNING: Failed to import lxml module etree. Are lxml, libxml2 and libxslt installed? XML validation will not be performed
Validation skipped for /home/lowlevel/mavros2_ws/src/mavlink/message_definitions/v1.0/all.xml.
Parsing /home/lowlevel/mavros2_ws/src/mavlink/message_definitions/v1.0/all.xml
Validation skipped for /home/lowlevel/mavros2_ws/src/mavlink/message_definitions/v1.0/ardupilotmega.xml.
Parsing /home/lowlevel/mavros2_ws/src/mavlink/message_definitions/v1.0/ardupilotmega.xml
Validation skipped for /home/lowlevel/mavros2_ws/src/mavlink/message_definitions/v1.0/development.xml.
Parsing /home/lowlevel/mavros2_ws/src/mavlink/message_definitions/v1.0/development.xml
Validation skipped for /home/lowlevel/mavros2_ws/src/mavlink/message_definitions/v1.0/icarous.xml.
Parsing /home/lowlevel/mavros2_ws/src/mavlink/message_definitions/v1.0/icarous.xml
Validation skipped for /home/lowlevel/mavros2_ws/src/mavlink/message_definitions/v1.0/minimal.xml.
Parsing /home/lowlevel/mavros2_ws/src/mavlink/message_definitions/v1.0/minimal.xml
Validation skipped for /home/lowlevel/mavros2_ws/src/mavlink/message_definitions/v1.0/python_array_test.xml.
Parsing /home/lowlevel/mavros2_ws/src/mavlink/message_definitions/v1.0/python_array_test.xml
Validation skipped for /home/lowlevel/mavros2_ws/src/mavlink/message_definitions/v1.0/standard.xml.
Parsing /home/lowlevel/mavros2_ws/src/mavlink/message_definitions/v1.0/standard.xml
Validation skipped for /home/lowlevel/mavros2_ws/src/mavlink/message_definitions/v1.0/test.xml.
Parsing /home/lowlevel/mavros2_ws/src/mavlink/message_definitions/v1.0/test.xml
Validation skipped for /home/lowlevel/mavros2_ws/src/mavlink/message_definitions/v1.0/ualberta.xml.
Parsing /home/lowlevel/mavros2_ws/src/mavlink/message_definitions/v1.0/ualberta.xml
Validation skipped for /home/lowlevel/mavros2_ws/src/mavlink/message_definitions/v1.0/uAvionix.xml.
Parsing /home/lowlevel/mavros2_ws/src/mavlink/message_definitions/v1.0/uAvionix.xml
Validation skipped for /home/lowlevel/mavros2_ws/src/mavlink/message_definitions/v1.0/storm32.xml.
Parsing /home/lowlevel/mavros2_ws/src/mavlink/message_definitions/v1.0/storm32.xml
Validation skipped for /home/lowlevel/mavros2_ws/src/mavlink/message_definitions/v1.0/AVSSUAS.xml.
Parsing /home/lowlevel/mavros2_ws/src/mavlink/message_definitions/v1.0/AVSSUAS.xml
Validation skipped for /home/lowlevel/mavros2_ws/src/mavlink/message_definitions/v1.0/cubepilot.xml.
Parsing /home/lowlevel/mavros2_ws/src/mavlink/message_definitions/v1.0/cubepilot.xml
Validation skipped for /home/lowlevel/mavros2_ws/src/mavlink/message_definitions/v1.0/csAirLink.xml.
Parsing /home/lowlevel/mavros2_ws/src/mavlink/message_definitions/v1.0/csAirLink.xml
Merged enum MAV_CMD
Merged enum MAV_CMD
Merged enum MAV_CMD
Merged enum MAV_CMD
Merged enum MAV_CMD
Validation skipped for /home/lowlevel/mavros2_ws/src/mavlink/message_definitions/v1.0/ASLUAV.xml.
Parsing /home/lowlevel/mavros2_ws/src/mavlink/message_definitions/v1.0/ASLUAV.xml
Validation skipped for /home/lowlevel/mavros2_ws/src/mavlink/message_definitions/v1.0/common.xml.
Parsing /home/lowlevel/mavros2_ws/src/mavlink/message_definitions/v1.0/common.xml
Found 196 MAVLink message types in 16 XML files
Generating C implementation in directory include/v1.0/all
Generating C implementation in directory include/v1.0/ardupilotmega
Generating C implementation in directory include/v1.0/ASLUAV
Generating C implementation in directory include/v1.0/common
Generating C++ implementation in directory include/v2.0/standard
Generating C implementation in directory include/v2.0/standard
Generating C++ implementation in directory include/v2.0/minimal
Generating C implementation in directory include/v2.0/minimal
Copying fixed headers for protocol 2.0 to include/v2.0
Generating C++ implementation in directory include/v2.0/uAvionix
Copying fixed C++ headers for protocol 2.0 to include/v2.0
Generating C++ implementation in directory include/v2.0/common
Validation skipped for /home/lowlevel/mavros2_ws/src/mavlink/message_definitions/v1.0/development.xml.
Parsing /home/lowlevel/mavros2_ws/src/mavlink/message_definitions/v1.0/development.xml
Validation skipped for /home/lowlevel/mavros2_ws/src/mavlink/message_definitions/v1.0/icarous.xml.
Parsing /home/lowlevel/mavros2_ws/src/mavlink/message_definitions/v1.0/icarous.xml
Validation skipped for /home/lowlevel/mavros2_ws/src/mavlink/message_definitions/v1.0/minimal.xml.
Parsing /home/lowlevel/mavros2_ws/src/mavlink/message_definitions/v1.0/minimal.xml
[ 50%] Built target paparazzi.xml-v2.0
Validation skipped for /home/lowlevel/mavros2_ws/src/mavlink/message_definitions/v1.0/python_array_test.xml.
Parsing /home/lowlevel/mavros2_ws/src/mavlink/message_definitions/v1.0/python_array_test.xml
Validation skipped for /home/lowlevel/mavros2_ws/src/mavlink/message_definitions/v1.0/standard.xml.
Parsing /home/lowlevel/mavros2_ws/src/mavlink/message_definitions/v1.0/standard.xml
Validation skipped for /home/lowlevel/mavros2_ws/src/mavlink/message_definitions/v1.0/test.xml.
Parsing /home/lowlevel/mavros2_ws/src/mavlink/message_definitions/v1.0/test.xml
Validation skipped for /home/lowlevel/mavros2_ws/src/mavlink/message_definitions/v1.0/ualberta.xml.
Parsing /home/lowlevel/mavros2_ws/src/mavlink/message_definitions/v1.0/ualberta.xml
Validation skipped for /home/lowlevel/mavros2_ws/src/mavlink/message_definitions/v1.0/uAvionix.xml.
Parsing /home/lowlevel/mavros2_ws/src/mavlink/message_definitions/v1.0/uAvionix.xml
Validation skipped for /home/lowlevel/mavros2_ws/src/mavlink/message_definitions/v1.0/storm32.xml.
Parsing /home/lowlevel/mavros2_ws/src/mavlink/message_definitions/v1.0/storm32.xml
Validation skipped for /home/lowlevel/mavros2_ws/src/mavlink/message_definitions/v1.0/AVSSUAS.xml.
Parsing /home/lowlevel/mavros2_ws/src/mavlink/message_definitions/v1.0/AVSSUAS.xml
Validation skipped for /home/lowlevel/mavros2_ws/src/mavlink/message_definitions/v1.0/cubepilot.xml.
Parsing /home/lowlevel/mavros2_ws/src/mavlink/message_definitions/v1.0/cubepilot.xml
Validation skipped for /home/lowlevel/mavros2_ws/src/mavlink/message_definitions/v1.0/csAirLink.xml.
Parsing /home/lowlevel/mavros2_ws/src/mavlink/message_definitions/v1.0/csAirLink.xml
Merged enum MAV_CMD
Merged enum MAV_CMD
Merged enum MAV_CMD
Merged enum MAV_CMD
Merged enum MAV_CMD
[35m[1mScanning dependencies of target icarous.xml-v2.0[0m
Found 360 MAVLink message types in 16 XML files
Generating C headers
Generating C implementation in directory include/v2.0/all
Generating C implementation in directory include/v2.0/ardupilotmega
[ 53%] [34m[1mGenerating icarous-v2.0-cxx-stamp[0m
Generating C++ implementation in directory include/v2.0/standard
Generating C++ implementation in directory include/v2.0/minimal
Copying fixed C++ headers for protocol 2.0 to include/v2.0
[ 53%] Built target uAvionix.xml-v2.0
Generating C implementation in directory include/v2.0/ASLUAV
[35m[1mScanning dependencies of target storm32.xml-v2.0[0m
WARNING: Failed to import lxml module etree. Are lxml, libxml2 and libxslt installed? XML validation will not be performed
Validation skipped for /home/lowlevel/mavros2_ws/src/mavlink/message_definitions/v1.0/icarous.xml.
Parsing /home/lowlevel/mavros2_ws/src/mavlink/message_definitions/v1.0/icarous.xml
Found 2 MAVLink message types in 1 XML files
Generating C headers
Generating C implementation in directory include/v2.0/icarous
Copying fixed headers for protocol 2.0 to include/v2.0
Generating C implementation in directory include/v2.0/common
Generating C++ implementation in directory include/v2.0/icarous
Copying fixed C++ headers for protocol 2.0 to include/v2.0
[ 56%] [34m[1mGenerating storm32-v2.0-cxx-stamp[0m
Generating C implementation in directory include/v1.0/development
Generating C implementation in directory include/v1.0/icarous
Generating C implementation in directory include/v1.0/minimal
[ 56%] Built target icarous.xml-v2.0
Generating C implementation in directory include/v1.0/python_array_test
Generating C implementation in directory include/v1.0/standard
Generating C implementation in directory include/v1.0/test
Generating C implementation in directory include/v1.0/ualberta
[35m[1mScanning dependencies of target development.xml-v1.0[0m
Generating C implementation in directory include/v1.0/uAvionix
Generating C implementation in directory include/v1.0/storm32
Generating C implementation in directory include/v1.0/AVSSUAS
Generating C implementation in directory include/v1.0/cubepilot
Generating C implementation in directory include/v1.0/csAirLink
Copying fixed headers for protocol 1.0 to include/v1.0
[ 60%] Built target development.xml-v1.0
[ 60%] Built target all.xml-v1.0
[35m[1mScanning dependencies of target AVSSUAS.xml-v2.0[0m
[35m[1mScanning dependencies of target ASLUAV.xml-v1.0[0m
WARNING: Failed to import lxml module etree. Are lxml, libxml2 and libxslt installed? XML validation will not be performed
Validation skipped for /home/lowlevel/mavros2_ws/src/mavlink/message_definitions/v1.0/storm32.xml.
Parsing /home/lowlevel/mavros2_ws/src/mavlink/message_definitions/v1.0/storm32.xml
[ 63%] [34m[1mGenerating AVSSUAS-v2.0-cxx-stamp[0m
Validation skipped for /home/lowlevel/mavros2_ws/src/mavlink/message_definitions/v1.0/ardupilotmega.xml.
Parsing /home/lowlevel/mavros2_ws/src/mavlink/message_definitions/v1.0/ardupilotmega.xml
Validation skipped for /home/lowlevel/mavros2_ws/src/mavlink/message_definitions/v1.0/common.xml.
Parsing /home/lowlevel/mavros2_ws/src/mavlink/message_definitions/v1.0/common.xml
[ 66%] Built target ASLUAV.xml-v1.0
WARNING: Failed to import lxml module etree. Are lxml, libxml2 and libxslt installed? XML validation will not be performed
Validation skipped for /home/lowlevel/mavros2_ws/src/mavlink/message_definitions/v1.0/AVSSUAS.xml.
Parsing /home/lowlevel/mavros2_ws/src/mavlink/message_definitions/v1.0/AVSSUAS.xml
Validation skipped for /home/lowlevel/mavros2_ws/src/mavlink/message_definitions/v1.0/common.xml.
Parsing /home/lowlevel/mavros2_ws/src/mavlink/message_definitions/v1.0/common.xml
[35m[1mScanning dependencies of target standard.xml-v2.0[0m
[ 70%] [34m[1mGenerating standard-v2.0-cxx-stamp[0m
Validation skipped for /home/lowlevel/mavros2_ws/src/mavlink/message_definitions/v1.0/uAvionix.xml.
Parsing /home/lowlevel/mavros2_ws/src/mavlink/message_definitions/v1.0/uAvionix.xml
Validation skipped for /home/lowlevel/mavros2_ws/src/mavlink/message_definitions/v1.0/icarous.xml.
Parsing /home/lowlevel/mavros2_ws/src/mavlink/message_definitions/v1.0/icarous.xml
Validation skipped for /home/lowlevel/mavros2_ws/src/mavlink/message_definitions/v1.0/cubepilot.xml.
Parsing /home/lowlevel/mavros2_ws/src/mavlink/message_definitions/v1.0/cubepilot.xml
Validation skipped for /home/lowlevel/mavros2_ws/src/mavlink/message_definitions/v1.0/csAirLink.xml.
Parsing /home/lowlevel/mavros2_ws/src/mavlink/message_definitions/v1.0/csAirLink.xml
Validation skipped for /home/lowlevel/mavros2_ws/src/mavlink/message_definitions/v1.0/standard.xml.
Parsing /home/lowlevel/mavros2_ws/src/mavlink/message_definitions/v1.0/standard.xml
Validation skipped for /home/lowlevel/mavros2_ws/src/mavlink/message_definitions/v1.0/minimal.xml.
Parsing /home/lowlevel/mavros2_ws/src/mavlink/message_definitions/v1.0/minimal.xml
Merged enum MAV_CMD
Merged enum MAV_CMD
Found 312 MAVLink message types in 9 XML files
Generating C headers
Generating C implementation in directory include/v2.0/storm32
Generating C implementation in directory include/v2.0/ardupilotmega
Validation skipped for /home/lowlevel/mavros2_ws/src/mavlink/message_definitions/v1.0/standard.xml.
Parsing /home/lowlevel/mavros2_ws/src/mavlink/message_definitions/v1.0/standard.xml
Validation skipped for /home/lowlevel/mavros2_ws/src/mavlink/message_definitions/v1.0/minimal.xml.
Parsing /home/lowlevel/mavros2_ws/src/mavlink/message_definitions/v1.0/minimal.xml
Merged enum MAV_CMD
Found 225 MAVLink message types in 4 XML files
Generating C headers
Generating C implementation in directory include/v2.0/AVSSUAS
Generating C implementation in directory include/v2.0/common
WARNING: Failed to import lxml module etree. Are lxml, libxml2 and libxslt installed? XML validation will not be performed
Validation skipped for /home/lowlevel/mavros2_ws/src/mavlink/message_definitions/v1.0/standard.xml.
Parsing /home/lowlevel/mavros2_ws/src/mavlink/message_definitions/v1.0/standard.xml
Validation skipped for /home/lowlevel/mavros2_ws/src/mavlink/message_definitions/v1.0/minimal.xml.
Parsing /home/lowlevel/mavros2_ws/src/mavlink/message_definitions/v1.0/minimal.xml
Found 2 MAVLink message types in 2 XML files
Generating C headers
Generating C implementation in directory include/v2.0/standard
Generating C implementation in directory include/v2.0/minimal
Copying fixed headers for protocol 2.0 to include/v2.0
Generating C++ implementation in directory include/v2.0/standard
Generating C++ implementation in directory include/v2.0/minimal
Copying fixed C++ headers for protocol 2.0 to include/v2.0
Generating C implementation in directory include/v2.0/common
[ 70%] Built target standard.xml-v2.0
[35m[1mScanning dependencies of target common.xml-v1.0[0m
Generating C implementation in directory include/v2.0/development
[ 73%] Built target common.xml-v1.0
Generating C implementation in directory include/v2.0/icarous
[35m[1mScanning dependencies of target ardupilotmega.xml-v2.0[0m
Generating C implementation in directory include/v2.0/minimal
Generating C implementation in directory include/v2.0/python_array_test
Generating C implementation in directory include/v2.0/standard
Generating C implementation in directory include/v2.0/test
Generating C implementation in directory include/v2.0/ualberta
Generating C implementation in directory include/v2.0/uAvionix
Generating C implementation in directory include/v2.0/storm32
[ 76%] [34m[1mGenerating ardupilotmega-v2.0-cxx-stamp[0m
Generating C implementation in directory include/v2.0/AVSSUAS
Generating C implementation in directory include/v2.0/cubepilot
Generating C implementation in directory include/v2.0/csAirLink
Copying fixed headers for protocol 2.0 to include/v2.0
Generating C++ implementation in directory include/v2.0/all
Generating C++ implementation in directory include/v2.0/ardupilotmega
Generating C++ implementation in directory include/v2.0/ASLUAV
Generating C++ implementation in directory include/v2.0/common
WARNING: Failed to import lxml module etree. Are lxml, libxml2 and libxslt installed? XML validation will not be performed
Validation skipped for /home/lowlevel/mavros2_ws/src/mavlink/message_definitions/v1.0/ardupilotmega.xml.
Parsing /home/lowlevel/mavros2_ws/src/mavlink/message_definitions/v1.0/ardupilotmega.xml
Validation skipped for /home/lowlevel/mavros2_ws/src/mavlink/message_definitions/v1.0/common.xml.
Parsing /home/lowlevel/mavros2_ws/src/mavlink/message_definitions/v1.0/common.xml
Generating C++ implementation in directory include/v2.0/development
Generating C++ implementation in directory include/v2.0/icarous
Generating C++ implementation in directory include/v2.0/minimal
Generating C++ implementation in directory include/v2.0/python_array_test
Generating C++ implementation in directory include/v2.0/standard
Generating C++ implementation in directory include/v2.0/test
Generating C++ implementation in directory include/v2.0/ualberta
Generating C++ implementation in directory include/v2.0/uAvionix
Generating C++ implementation in directory include/v2.0/storm32
Generating C++ implementation in directory include/v2.0/AVSSUAS
Generating C++ implementation in directory include/v2.0/cubepilot
Generating C++ implementation in directory include/v2.0/csAirLink
Validation skipped for /home/lowlevel/mavros2_ws/src/mavlink/message_definitions/v1.0/uAvionix.xml.
Parsing /home/lowlevel/mavros2_ws/src/mavlink/message_definitions/v1.0/uAvionix.xml
Copying fixed C++ headers for protocol 2.0 to include/v2.0
Validation skipped for /home/lowlevel/mavros2_ws/src/mavlink/message_definitions/v1.0/icarous.xml.
Parsing /home/lowlevel/mavros2_ws/src/mavlink/message_definitions/v1.0/icarous.xml
Validation skipped for /home/lowlevel/mavros2_ws/src/mavlink/message_definitions/v1.0/cubepilot.xml.
Parsing /home/lowlevel/mavros2_ws/src/mavlink/message_definitions/v1.0/cubepilot.xml
Validation skipped for /home/lowlevel/mavros2_ws/src/mavlink/message_definitions/v1.0/csAirLink.xml.
Parsing /home/lowlevel/mavros2_ws/src/mavlink/message_definitions/v1.0/csAirLink.xml
Validation skipped for /home/lowlevel/mavros2_ws/src/mavlink/message_definitions/v1.0/standard.xml.
Parsing /home/lowlevel/mavros2_ws/src/mavlink/message_definitions/v1.0/standard.xml
Validation skipped for /home/lowlevel/mavros2_ws/src/mavlink/message_definitions/v1.0/minimal.xml.
Parsing /home/lowlevel/mavros2_ws/src/mavlink/message_definitions/v1.0/minimal.xml
Merged enum MAV_CMD
Generating C implementation in directory include/v2.0/standard
Generating C implementation in directory include/v2.0/minimal
Found 302 MAVLink message types in 8 XML files
Copying fixed headers for protocol 2.0 to include/v2.0
Generating C headers
Generating C implementation in directory include/v2.0/ardupilotmega
Generating C++ implementation in directory include/v2.0/AVSSUAS
Generating C++ implementation in directory include/v2.0/common
[ 76%] Built target all.xml-v2.0
[35m[1mScanning dependencies of target ASLUAV.xml-v2.0[0m
Generating C implementation in directory include/v2.0/uAvionix
Generating C implementation in directory include/v2.0/icarous
Generating C implementation in directory include/v2.0/cubepilot
Generating C implementation in directory include/v2.0/csAirLink
Generating C implementation in directory include/v2.0/standard
Generating C implementation in directory include/v2.0/minimal
[ 80%] [34m[1mGenerating ASLUAV-v2.0-cxx-stamp[0m
Copying fixed headers for protocol 2.0 to include/v2.0
Generating C++ implementation in directory include/v2.0/storm32
Generating C implementation in directory include/v2.0/common
Generating C++ implementation in directory include/v2.0/ardupilotmega
Generating C++ implementation in directory include/v2.0/standard
Generating C++ implementation in directory include/v2.0/minimal
Copying fixed C++ headers for protocol 2.0 to include/v2.0
[ 80%] Built target AVSSUAS.xml-v2.0
Generating C++ implementation in directory include/v2.0/common
[35m[1mScanning dependencies of target csAirLink.xml-v2.0[0m
WARNING: Failed to import lxml module etree. Are lxml, libxml2 and libxslt installed? XML validation will not be performed
Validation skipped for /home/lowlevel/mavros2_ws/src/mavlink/message_definitions/v1.0/ASLUAV.xml.
Parsing /home/lowlevel/mavros2_ws/src/mavlink/message_definitions/v1.0/ASLUAV.xml
Validation skipped for /home/lowlevel/mavros2_ws/src/mavlink/message_definitions/v1.0/common.xml.
Parsing /home/lowlevel/mavros2_ws/src/mavlink/message_definitions/v1.0/common.xml
[ 83%] [34m[1mGenerating csAirLink-v2.0-cxx-stamp[0m
WARNING: Failed to import lxml module etree. Are lxml, libxml2 and libxslt installed? XML validation will not be performed
Validation skipped for /home/lowlevel/mavros2_ws/src/mavlink/message_definitions/v1.0/csAirLink.xml.
Parsing /home/lowlevel/mavros2_ws/src/mavlink/message_definitions/v1.0/csAirLink.xml
Found 6 MAVLink message types in 1 XML files
Generating C headers
Generating C implementation in directory include/v2.0/csAirLink
Validation skipped for /home/lowlevel/mavros2_ws/src/mavlink/message_definitions/v1.0/standard.xml.
Parsing /home/lowlevel/mavros2_ws/src/mavlink/message_definitions/v1.0/standard.xml
Validation skipped for /home/lowlevel/mavros2_ws/src/mavlink/message_definitions/v1.0/minimal.xml.
Parsing /home/lowlevel/mavros2_ws/src/mavlink/message_definitions/v1.0/minimal.xml
Copying fixed headers for protocol 2.0 to include/v2.0
Generating C++ implementation in directory include/v2.0/csAirLink
Copying fixed C++ headers for protocol 2.0 to include/v2.0
Generating C++ implementation in directory include/v2.0/uAvionix
Merged enum MAV_CMD
Generating C++ implementation in directory include/v2.0/icarous
Generating C++ implementation in directory include/v2.0/cubepilot
Found 238 MAVLink message types in 4 XML files
[ 83%] Built target csAirLink.xml-v2.0
Generating C headers
Generating C implementation in directory include/v2.0/ASLUAV
Generating C++ implementation in directory include/v2.0/csAirLink
Generating C++ implementation in directory include/v2.0/standard
Generating C++ implementation in directory include/v2.0/minimal
Copying fixed C++ headers for protocol 2.0 to include/v2.0
[35m[1mScanning dependencies of target matrixpilot.xml-v1.0[0m
[ 83%] Built target storm32.xml-v2.0
[ 86%] [34m[1mGenerating include/v1.0/matrixpilot/matrixpilot.h[0m
Generating C implementation in directory include/v2.0/common
[35m[1mScanning dependencies of target AVSSUAS.xml-v1.0[0m
[ 90%] Built target AVSSUAS.xml-v1.0
WARNING: Failed to import lxml module etree. Are lxml, libxml2 and libxslt installed? XML validation will not be performed
Validation skipped for /home/lowlevel/mavros2_ws/src/mavlink/message_definitions/v1.0/matrixpilot.xml.
Parsing /home/lowlevel/mavros2_ws/src/mavlink/message_definitions/v1.0/matrixpilot.xml
Validation skipped for /home/lowlevel/mavros2_ws/src/mavlink/message_definitions/v1.0/common.xml.
Parsing /home/lowlevel/mavros2_ws/src/mavlink/message_definitions/v1.0/common.xml
[35m[1mScanning dependencies of target development.xml-v2.0[0m
[ 93%] [34m[1mGenerating development-v2.0-cxx-stamp[0m
Generating C implementation in directory include/v2.0/uAvionix
Generating C implementation in directory include/v2.0/icarous
Generating C implementation in directory include/v2.0/cubepilot
Generating C implementation in directory include/v2.0/csAirLink
Generating C implementation in directory include/v2.0/standard
Generating C implementation in directory include/v2.0/minimal
Copying fixed headers for protocol 2.0 to include/v2.0
Validation skipped for /home/lowlevel/mavros2_ws/src/mavlink/message_definitions/v1.0/standard.xml.
Parsing /home/lowlevel/mavros2_ws/src/mavlink/message_definitions/v1.0/standard.xml
Validation skipped for /home/lowlevel/mavros2_ws/src/mavlink/message_definitions/v1.0/minimal.xml.
Parsing /home/lowlevel/mavros2_ws/src/mavlink/message_definitions/v1.0/minimal.xml
Generating C++ implementation in directory include/v2.0/ardupilotmega
Merged enum MAV_CMD
WARNING: Failed to import lxml module etree. Are lxml, libxml2 and libxslt installed? XML validation will not be performed
Validation skipped for /home/lowlevel/mavros2_ws/src/mavlink/message_definitions/v1.0/development.xml.
Parsing /home/lowlevel/mavros2_ws/src/mavlink/message_definitions/v1.0/development.xml
Found 169 MAVLink message types in 4 XML files
Generating C implementation in directory include/v1.0/matrixpilot
Validation skipped for /home/lowlevel/mavros2_ws/src/mavlink/message_definitions/v1.0/common.xml.
Parsing /home/lowlevel/mavros2_ws/src/mavlink/message_definitions/v1.0/common.xml
Generating C++ implementation in directory include/v2.0/common
Generating C implementation in directory include/v1.0/common
Validation skipped for /home/lowlevel/mavros2_ws/src/mavlink/message_definitions/v1.0/standard.xml.
Parsing /home/lowlevel/mavros2_ws/src/mavlink/message_definitions/v1.0/standard.xml
Validation skipped for /home/lowlevel/mavros2_ws/src/mavlink/message_definitions/v1.0/minimal.xml.
Parsing /home/lowlevel/mavros2_ws/src/mavlink/message_definitions/v1.0/minimal.xml
Merged enum MAV_CMD
Found 236 MAVLink message types in 4 XML files
Generating C headers
Generating C implementation in directory include/v2.0/development
Generating C++ implementation in directory include/v2.0/uAvionix
Generating C++ implementation in directory include/v2.0/icarous
Generating C++ implementation in directory include/v2.0/cubepilot
Generating C++ implementation in directory include/v2.0/csAirLink
Generating C++ implementation in directory include/v2.0/standard
Generating C++ implementation in directory include/v2.0/minimal
Generating C implementation in directory include/v2.0/common
Copying fixed C++ headers for protocol 2.0 to include/v2.0
[ 93%] Built target ardupilotmega.xml-v2.0
Generating C implementation in directory include/v2.0/standard
Generating C implementation in directory include/v2.0/minimal
Copying fixed headers for protocol 2.0 to include/v2.0
Generating C++ implementation in directory include/v2.0/ASLUAV
Generating C++ implementation in directory include/v2.0/common
[35m[1mScanning dependencies of target matrixpilot.xml-v2.0[0m
[ 96%] [34m[1mGenerating matrixpilot-v2.0-cxx-stamp[0m
Generating C implementation in directory include/v1.0/standard
Generating C implementation in directory include/v1.0/minimal
Copying fixed headers for protocol 1.0 to include/v1.0
[ 96%] Built target matrixpilot.xml-v1.0
Generating C++ implementation in directory include/v2.0/standard
Generating C++ implementation in directory include/v2.0/minimal
WARNING: Failed to import lxml module etree. Are lxml, libxml2 and libxslt installed? XML validation will not be performed
Validation skipped for /home/lowlevel/mavros2_ws/src/mavlink/message_definitions/v1.0/matrixpilot.xml.
Parsing /home/lowlevel/mavros2_ws/src/mavlink/message_definitions/v1.0/matrixpilot.xml
Copying fixed C++ headers for protocol 2.0 to include/v2.0
Validation skipped for /home/lowlevel/mavros2_ws/src/mavlink/message_definitions/v1.0/common.xml.
Parsing /home/lowlevel/mavros2_ws/src/mavlink/message_definitions/v1.0/common.xml
[ 96%] Built target ASLUAV.xml-v2.0
Validation skipped for /home/lowlevel/mavros2_ws/src/mavlink/message_definitions/v1.0/standard.xml.
Parsing /home/lowlevel/mavros2_ws/src/mavlink/message_definitions/v1.0/standard.xml
Validation skipped for /home/lowlevel/mavros2_ws/src/mavlink/message_definitions/v1.0/minimal.xml.
Parsing /home/lowlevel/mavros2_ws/src/mavlink/message_definitions/v1.0/minimal.xml
Merged enum MAV_CMD
Traceback (most recent call last):
Traceback (most recent call last):
  File "/home/lowlevel/mavros2_ws/src/mavlink/pymavlink/tools/mavgen.py", line 31, in <module>
  File "/home/lowlevel/mavros2_ws/src/mavlink/pymavlink/tools/mavgen.py", line 31, in <module>
    mavgen.mavgen(args, args.definitions)
  File "/home/lowlevel/mavros2_ws/src/mavlink/pymavlink/generator/mavgen.py", line 297, in mavgen
    mavgen.mavgen(args, args.definitions)
    mavgen_cpp11.generate(opts.output, xml)
  File "/home/lowlevel/mavros2_ws/src/mavlink/pymavlink/generator/mavgen_cpp11.py", line 458, in generate
  File "/home/lowlevel/mavros2_ws/src/mavlink/pymavlink/generator/mavgen.py", line 243, in mavgen
    mavgen_c.generate(basename, xml_list)
  File "/home/lowlevel/mavros2_ws/src/mavlink/pymavlink/generator/mavgen_c.py", line 717, in generate
    if not expand_includes():
  File "/home/lowlevel/mavros2_ws/src/mavlink/pymavlink/generator/mavgen.py", line 119, in expand_includes
    if mavparse.check_duplicates(xml):
KeyboardInterrupt
    generate_one(basename, xml)
  File "/home/lowlevel/mavros2_ws/src/mavlink/pymavlink/generator/mavgen_c.py", line 707, in generate_one
    generate_message_h(directory, m)
  File "/home/lowlevel/mavros2_ws/src/mavlink/pymavlink/generator/mavgen_c.py", line 171, in generate_message_h
    t.write(f, '''
  File "/home/lowlevel/mavros2_ws/src/mavlink/pymavlink/generator/mavtemplate.py", line 133, in write
    file.write(self.substitute(text, subvars=subvars, trim_leading_lf=trim_leading_lf))
  File "/home/lowlevel/mavros2_ws/src/mavlink/pymavlink/generator/mavtemplate.py", line 95, in substitute
    t1 += self.substitute(rest, f, trim_leading_lf=False, checkmissing=False)
  File "/home/lowlevel/mavros2_ws/src/mavlink/pymavlink/generator/mavtemplate.py", line 128, in substitute
    text = text.replace("%s%s%s" % (self.start_var_token, varname, self.end_var_token), str(value))
KeyboardInterrupt
make[2]: *** [CMakeFiles/matrixpilot.xml-v2.0.dir/build.make:63: matrixpilot-v2.0-cxx-stamp] Interrupt
make[1]: *** [CMakeFiles/Makefile2:930: CMakeFiles/matrixpilot.xml-v2.0.dir/all] Interrupt
make[2]: *** [CMakeFiles/development.xml-v2.0.dir/build.make:63: development-v2.0-cxx-stamp] Interrupt
make[1]: *** [CMakeFiles/Makefile2:903: CMakeFiles/development.xml-v2.0.dir/all] Interrupt
make: *** [Makefile:118: all] Interrupt
