WARNING: Failed to import lxml module etree. Are lxml, libxml2 and libxslt installed? XML validation will not be performed
WARNING: Failed to import lxml module etree. Are lxml, libxml2 and libxslt installed? XML validation will not be performed
Traceback (most recent call last):
  File "/home/lowlevel/mavros2_ws/src/mavlink/pymavlink/tools/mavgen.py", line 31, in <module>
Traceback (most recent call last):
  File "/home/lowlevel/mavros2_ws/src/mavlink/pymavlink/tools/mavgen.py", line 31, in <module>
    mavgen.mavgen(args, args.definitions)
  File "/home/lowlevel/mavros2_ws/src/mavlink/pymavlink/generator/mavgen.py", line 243, in mavgen
    mavgen.mavgen(args, args.definitions)
  File "/home/lowlevel/mavros2_ws/src/mavlink/pymavlink/generator/mavgen.py", line 243, in mavgen
    if not expand_includes():
  File "/home/lowlevel/mavros2_ws/src/mavlink/pymavlink/generator/mavgen.py", line 116, in expand_includes
    if not expand_includes():
  File "/home/lowlevel/mavros2_ws/src/mavlink/pymavlink/generator/mavgen.py", line 116, in expand_includes
    if not expand_oneiteration():
  File "/home/lowlevel/mavros2_ws/src/mavlink/pymavlink/generator/mavgen.py", line 110, in expand_oneiteration
    if not expand_oneiteration():
  File "/home/lowlevel/mavros2_ws/src/mavlink/pymavlink/generator/mavgen.py", line 110, in expand_oneiteration
    xml.append(mavparse.MAVXML(fname, opts.wire_protocol))
  File "/home/lowlevel/mavros2_ws/src/mavlink/pymavlink/generator/mavparse.py", line 334, in __init__
    xml.append(mavparse.MAVXML(fname, opts.wire_protocol))
  File "/home/lowlevel/mavros2_ws/src/mavlink/pymavlink/generator/mavparse.py", line 334, in __init__
    p.ParseFile(f)
  File "../Modules/pyexpat.c", line 459, in EndElement
    p.ParseFile(f)
  File "../Modules/pyexpat.c", line 407, in StartElement
  File "/home/lowlevel/mavros2_ws/src/mavlink/pymavlink/generator/mavparse.py", line 308, in end_element
    def end_element(name):
  File "/home/lowlevel/mavros2_ws/src/mavlink/pymavlink/generator/mavparse.py", line 271, in start_element
    value = eval(attrs['value'])
  File "<string>", line 1, in <module>
KeyboardInterrupt
KeyboardInterrupt
make[2]: *** [CMakeFiles/matrixpilot.xml-v2.0.dir/build.make:63: matrixpilot-v2.0-cxx-stamp] Interrupt
make[1]: *** [CMakeFiles/Makefile2:930: CMakeFiles/matrixpilot.xml-v2.0.dir/all] Interrupt
make[2]: *** [CMakeFiles/development.xml-v2.0.dir/build.make:63: development-v2.0-cxx-stamp] Interrupt
make[1]: *** [CMakeFiles/Makefile2:903: CMakeFiles/development.xml-v2.0.dir/all] Interrupt
make: *** [Makefile:118: all] Interrupt
