[  3%] Built target csAirLink.xml-v1.0
[  6%] Built target icarous.xml-v1.0
[ 10%] Built target ualberta.xml-v2.0
[ 13%] Built target cubepilot.xml-v2.0
[ 20%] Built target ualberta.xml-v1.0
[ 20%] Built target storm32.xml-v1.0
[ 23%] Built target uAvionix.xml-v1.0
[ 26%] Built target paparazzi.xml-v2.0
[ 30%] Built target paparazzi.xml-v1.0
[ 33%] Built target standard.xml-v1.0
[ 36%] Built target cubepilot.xml-v1.0
[ 40%] Built target uAvionix.xml-v2.0
[ 43%] Built target all.xml-v1.0
[ 46%] Built target ardupilotmega.xml-v1.0
[ 50%] Built target all.xml-v2.0
[ 53%] Built target icarous.xml-v2.0
[ 56%] Built target storm32.xml-v2.0
[ 60%] Built target development.xml-v1.0
[ 63%] Built target ASLUAV.xml-v1.0
[ 66%] Built target AVSSUAS.xml-v2.0
[ 70%] Built target common.xml-v1.0
[ 73%] Built target standard.xml-v2.0
[ 76%] Built target ASLUAV.xml-v2.0
[ 80%] Built target ardupilotmega.xml-v2.0
[ 83%] Built target matrixpilot.xml-v1.0
[ 86%] [34m[1mGenerating development-v2.0-cxx-stamp[0m
[ 90%] Built target AVSSUAS.xml-v1.0
[ 93%] Built target csAirLink.xml-v2.0
[ 96%] [34m[1mGenerating matrixpilot-v2.0-cxx-stamp[0m
Validation skipped for /home/lowlevel/mavros2_ws/src/mavlink/message_definitions/v1.0/development.xml.
Parsing /home/lowlevel/mavros2_ws/src/mavlink/message_definitions/v1.0/development.xml
Validation skipped for /home/lowlevel/mavros2_ws/src/mavlink/message_definitions/v1.0/common.xml.
Parsing /home/lowlevel/mavros2_ws/src/mavlink/message_definitions/v1.0/common.xml
Validation skipped for /home/lowlevel/mavros2_ws/src/mavlink/message_definitions/v1.0/matrixpilot.xml.
Parsing /home/lowlevel/mavros2_ws/src/mavlink/message_definitions/v1.0/matrixpilot.xml
Validation skipped for /home/lowlevel/mavros2_ws/src/mavlink/message_definitions/v1.0/common.xml.
Parsing /home/lowlevel/mavros2_ws/src/mavlink/message_definitions/v1.0/common.xml
