[  3%] Built target csAirLink.xml-v1.0
[  6%] Built target icarous.xml-v1.0
[ 10%] Built target ualberta.xml-v2.0
[ 13%] Built target cubepilot.xml-v2.0
[ 20%] Built target ualberta.xml-v1.0
[ 20%] Built target storm32.xml-v1.0
[ 23%] Built target uAvionix.xml-v1.0
[ 26%] Built target paparazzi.xml-v2.0
[ 30%] Built target paparazzi.xml-v1.0
[ 33%] Built target standard.xml-v1.0
[ 36%] Built target cubepilot.xml-v1.0
[ 40%] Built target uAvionix.xml-v2.0
[ 43%] Built target all.xml-v1.0
[ 46%] Built target ardupilotmega.xml-v1.0
[ 50%] Built target all.xml-v2.0
[ 53%] Built target icarous.xml-v2.0
[ 56%] Built target storm32.xml-v2.0
[ 60%] Built target development.xml-v1.0
[ 63%] Built target ASLUAV.xml-v1.0
[ 66%] Built target AVSSUAS.xml-v2.0
[ 70%] Built target common.xml-v1.0
[ 73%] Built target standard.xml-v2.0
[ 76%] Built target ASLUAV.xml-v2.0
[ 80%] Built target ardupilotmega.xml-v2.0
[ 83%] Built target matrixpilot.xml-v1.0
[ 86%] [34m[1mGenerating development-v2.0-cxx-stamp[0m
[ 90%] Built target AVSSUAS.xml-v1.0
[ 93%] Built target csAirLink.xml-v2.0
[ 96%] [34m[1mGenerating matrixpilot-v2.0-cxx-stamp[0m
Validation skipped for /home/lowlevel/mavros2_ws/src/mavlink/message_definitions/v1.0/development.xml.
WARNING: Failed to import lxml module etree. Are lxml, libxml2 and libxslt installed? XML validation will not be performed
Parsing /home/lowlevel/mavros2_ws/src/mavlink/message_definitions/v1.0/development.xml
Validation skipped for /home/lowlevel/mavros2_ws/src/mavlink/message_definitions/v1.0/common.xml.
Parsing /home/lowlevel/mavros2_ws/src/mavlink/message_definitions/v1.0/common.xml
WARNING: Failed to import lxml module etree. Are lxml, libxml2 and libxslt installed? XML validation will not be performed
Validation skipped for /home/lowlevel/mavros2_ws/src/mavlink/message_definitions/v1.0/matrixpilot.xml.
Parsing /home/lowlevel/mavros2_ws/src/mavlink/message_definitions/v1.0/matrixpilot.xml
Validation skipped for /home/lowlevel/mavros2_ws/src/mavlink/message_definitions/v1.0/common.xml.
Parsing /home/lowlevel/mavros2_ws/src/mavlink/message_definitions/v1.0/common.xml
Traceback (most recent call last):
  File "/home/lowlevel/mavros2_ws/src/mavlink/pymavlink/tools/mavgen.py", line 31, in <module>
Traceback (most recent call last):
  File "/home/lowlevel/mavros2_ws/src/mavlink/pymavlink/tools/mavgen.py", line 31, in <module>
    mavgen.mavgen(args, args.definitions)
  File "/home/lowlevel/mavros2_ws/src/mavlink/pymavlink/generator/mavgen.py", line 243, in mavgen
    mavgen.mavgen(args, args.definitions)
  File "/home/lowlevel/mavros2_ws/src/mavlink/pymavlink/generator/mavgen.py", line 243, in mavgen
    if not expand_includes():
  File "/home/lowlevel/mavros2_ws/src/mavlink/pymavlink/generator/mavgen.py", line 116, in expand_includes
    if not expand_includes():
  File "/home/lowlevel/mavros2_ws/src/mavlink/pymavlink/generator/mavgen.py", line 116, in expand_includes
    if not expand_oneiteration():
  File "/home/lowlevel/mavros2_ws/src/mavlink/pymavlink/generator/mavgen.py", line 110, in expand_oneiteration
    if not expand_oneiteration():
  File "/home/lowlevel/mavros2_ws/src/mavlink/pymavlink/generator/mavgen.py", line 110, in expand_oneiteration
    xml.append(mavparse.MAVXML(fname, opts.wire_protocol))
  File "/home/lowlevel/mavros2_ws/src/mavlink/pymavlink/generator/mavparse.py", line 334, in __init__
    xml.append(mavparse.MAVXML(fname, opts.wire_protocol))
  File "/home/lowlevel/mavros2_ws/src/mavlink/pymavlink/generator/mavparse.py", line 334, in __init__
    p.ParseFile(f)
  File "../Modules/pyexpat.c", line 459, in EndElement
    p.ParseFile(f)
  File "../Modules/pyexpat.c", line 407, in StartElement
  File "/home/lowlevel/mavros2_ws/src/mavlink/pymavlink/generator/mavparse.py", line 308, in end_element
    def end_element(name):
  File "/home/lowlevel/mavros2_ws/src/mavlink/pymavlink/generator/mavparse.py", line 271, in start_element
    value = eval(attrs['value'])
  File "<string>", line 1, in <module>
KeyboardInterrupt
KeyboardInterrupt
make[2]: *** [CMakeFiles/matrixpilot.xml-v2.0.dir/build.make:63: matrixpilot-v2.0-cxx-stamp] Interrupt
make[1]: *** [CMakeFiles/Makefile2:930: CMakeFiles/matrixpilot.xml-v2.0.dir/all] Interrupt
make[2]: *** [CMakeFiles/development.xml-v2.0.dir/build.make:63: development-v2.0-cxx-stamp] Interrupt
make[1]: *** [CMakeFiles/Makefile2:903: CMakeFiles/development.xml-v2.0.dir/all] Interrupt
make: *** [Makefile:118: all] Interrupt
